\BOOKMARK [1][-]{section.1}{Introduction}{}% 1
\BOOKMARK [1][-]{section.2}{Background}{}% 2
\BOOKMARK [2][-]{subsection.2.1}{Type alias}{section.2}% 3
\BOOKMARK [2][-]{subsection.2.2}{Abstract types}{section.2}% 4
\BOOKMARK [2][-]{subsection.2.3}{Syntactic Type Abstraction}{section.2}% 5
\BOOKMARK [1][-]{section.3}{Unified Principal Calculus}{}% 6
\BOOKMARK [2][-]{subsection.3.1}{Model}{section.3}% 7
\BOOKMARK [2][-]{subsection.3.2}{Static semantics}{section.3}% 8
\BOOKMARK [2][-]{subsection.3.3}{Dynamic semantics}{section.3}% 9
\BOOKMARK [1][-]{section.4}{Gradual Language}{}% 10
\BOOKMARK [2][-]{subsection.4.1}{Dynamic principals}{section.4}% 11
\BOOKMARK [2][-]{subsection.4.2}{Syntax}{section.4}% 12
\BOOKMARK [2][-]{subsection.4.3}{Lifting predicates and functions}{section.4}% 13
\BOOKMARK [2][-]{subsection.4.4}{Gradual Type System}{section.4}% 14
\BOOKMARK [1][-]{section.5}{Intermediate language}{}% 15
\BOOKMARK [2][-]{subsection.5.1}{Syntax}{section.5}% 16
\BOOKMARK [2][-]{subsection.5.2}{Type system for the intermediate language}{section.5}% 17
\BOOKMARK [2][-]{subsection.5.3}{Translation to intermediate language}{section.5}% 18
\BOOKMARK [2][-]{subsection.5.4}{Dynamic Semantics for cast calculus}{section.5}% 19
\BOOKMARK [2][-]{subsection.5.5}{Examples}{section.5}% 20
\BOOKMARK [1][-]{section.6}{Conclusion}{}% 21
